[0m15:49:55.975980 [debug] [MainThread]: Sending event: {'category': 'dbt', 'action': 'invocation', 'label': 'start', 'context': [<snowplow_tracker.self_describing_json.SelfDescribingJson object at 0x7f0a14baa180>, <snowplow_tracker.self_describing_json.SelfDescribingJson object at 0x7f0a147a4680>, <snowplow_tracker.self_describing_json.SelfDescribingJson object at 0x7f0a15db3ef0>]}


============================== 15:49:56.007593 | 035551c5-0f4a-4367-899c-08b2180b92c8 ==============================
[0m15:49:56.007593 [info ] [MainThread]: Running with dbt=1.8.5
[0m15:49:56.010051 [debug] [MainThread]: running dbt with arguments {'printer_width': '80', 'indirect_selection': 'eager', 'write_json': 'True', 'log_cache_events': 'False', 'partial_parse': 'True', 'cache_selected_only': 'False', 'warn_error': 'None', 'debug': 'False', 'version_check': 'True', 'log_path': 'logs', 'profiles_dir': '/home/gitpod/.dbt', 'fail_fast': 'False', 'use_colors': 'True', 'use_experimental_parser': 'False', 'no_print': 'None', 'quiet': 'False', 'empty': 'None', 'warn_error_options': 'WarnErrorOptions(include=[], exclude=[])', 'introspect': 'True', 'static_parser': 'True', 'invocation_command': 'dbt init', 'target_path': 'None', 'log_format': 'default', 'send_anonymous_usage_stats': 'True'}
[0m15:49:56.149572 [warn ] [MainThread]: [ConfigFolderDirectory]: Unable to parse dict {'dir': PosixPath('/home/gitpod/.dbt')}
[0m15:49:56.150548 [info ] [MainThread]: Creating dbt configuration folder at 
[0m15:50:17.140246 [debug] [MainThread]: Starter project path: /workspace/.pyenv_mirror/poetry/virtualenvs/env-OsR69f0M-py3.12/lib/python3.12/site-packages/dbt/include/starter_project
[0m15:50:17.146358 [info ] [MainThread]: 
Your new dbt project "teste_app" was created!

For more information on how to configure the profiles.yml file,
please consult the dbt documentation here:

  https://docs.getdbt.com/docs/configure-your-profile

One more thing:

Need help? Don't hesitate to reach out to us via GitHub issues or on Slack:

  https://community.getdbt.com/

Happy modeling!

[0m15:50:17.147181 [info ] [MainThread]: Setting up your profile.
[0m15:51:26.318216 [info ] [MainThread]: Profile teste_app written to /home/gitpod/.dbt/profiles.yml using target's profile_template.yml and your supplied values. Run 'dbt debug' to validate the connection.
[0m15:51:26.321200 [debug] [MainThread]: Resource report: {"command_name": "init", "command_success": true, "command_wall_clock_time": 90.429855, "process_user_time": 2.391858, "process_kernel_time": 0.210229, "process_mem_max_rss": "100728", "process_in_blocks": "7960", "process_out_blocks": "968"}
[0m15:51:26.323704 [debug] [MainThread]: Command `dbt init` succeeded at 15:51:26.323479 after 90.43 seconds
[0m15:51:26.324715 [debug] [MainThread]: Sending event: {'category': 'dbt', 'action': 'invocation', 'label': 'end', 'context': [<snowplow_tracker.self_describing_json.SelfDescribingJson object at 0x7f0a1475dc70>, <snowplow_tracker.self_describing_json.SelfDescribingJson object at 0x7f0a152ed640>, <snowplow_tracker.self_describing_json.SelfDescribingJson object at 0x7f0a1445db50>]}
[0m15:51:26.327105 [debug] [MainThread]: Flushing usage events
[0m17:37:54.172124 [debug] [MainThread]: Sending event: {'category': 'dbt', 'action': 'invocation', 'label': 'start', 'context': [<snowplow_tracker.self_describing_json.SelfDescribingJson object at 0x7fbc70bee480>, <snowplow_tracker.self_describing_json.SelfDescribingJson object at 0x7fbc72789d60>, <snowplow_tracker.self_describing_json.SelfDescribingJson object at 0x7fbc71dbdaf0>]}


============================== 17:37:54.178697 | e648d465-8172-40fe-a514-2ae2d8f92bdb ==============================
[0m17:37:54.178697 [info ] [MainThread]: Running with dbt=1.8.5
[0m17:37:54.179914 [debug] [MainThread]: running dbt with arguments {'printer_width': '80', 'indirect_selection': 'eager', 'write_json': 'True', 'log_cache_events': 'False', 'partial_parse': 'True', 'cache_selected_only': 'False', 'warn_error': 'None', 'fail_fast': 'False', 'version_check': 'True', 'log_path': 'logs', 'profiles_dir': '/home/gitpod/.dbt', 'debug': 'False', 'use_colors': 'True', 'use_experimental_parser': 'False', 'no_print': 'None', 'quiet': 'False', 'empty': 'None', 'log_format': 'default', 'static_parser': 'True', 'warn_error_options': 'WarnErrorOptions(include=[], exclude=[])', 'introspect': 'True', 'target_path': 'None', 'invocation_command': 'dbt init', 'send_anonymous_usage_stats': 'True'}
[0m17:37:54.280613 [warn ] [MainThread]: [ConfigFolderDirectory]: Unable to parse dict {'dir': PosixPath('/home/gitpod/.dbt')}
[0m17:37:54.281412 [info ] [MainThread]: Creating dbt configuration folder at 
[0m17:39:15.100986 [debug] [MainThread]: Starter project path: /workspace/.pyenv_mirror/poetry/virtualenvs/env-OsR69f0M-py3.12/lib/python3.12/site-packages/dbt/include/starter_project
[0m17:39:15.116329 [info ] [MainThread]: 
Your new dbt project "teste_edd" was created!

For more information on how to configure the profiles.yml file,
please consult the dbt documentation here:

  https://docs.getdbt.com/docs/configure-your-profile

One more thing:

Need help? Don't hesitate to reach out to us via GitHub issues or on Slack:

  https://community.getdbt.com/

Happy modeling!

[0m17:39:15.117133 [info ] [MainThread]: Setting up your profile.
[0m17:42:15.829162 [info ] [MainThread]: Profile teste_edd written to /home/gitpod/.dbt/profiles.yml using target's profile_template.yml and your supplied values. Run 'dbt debug' to validate the connection.
[0m17:42:15.833472 [debug] [MainThread]: Resource report: {"command_name": "init", "command_success": true, "command_wall_clock_time": 261.7459, "process_user_time": 2.429475, "process_kernel_time": 0.195475, "process_mem_max_rss": "93188", "process_in_blocks": "31128", "process_out_blocks": "96"}
[0m17:42:15.834989 [debug] [MainThread]: Command `dbt init` succeeded at 17:42:15.834726 after 261.75 seconds
[0m17:42:15.835944 [debug] [MainThread]: Sending event: {'category': 'dbt', 'action': 'invocation', 'label': 'end', 'context': [<snowplow_tracker.self_describing_json.SelfDescribingJson object at 0x7fbc70856450>, <snowplow_tracker.self_describing_json.SelfDescribingJson object at 0x7fbc707c92b0>, <snowplow_tracker.self_describing_json.SelfDescribingJson object at 0x7fbc704a2780>]}
[0m17:42:15.836855 [debug] [MainThread]: Flushing usage events
[0m21:03:14.838055 [debug] [MainThread]: Sending event: {'category': 'dbt', 'action': 'invocation', 'label': 'start', 'context': [<snowplow_tracker.self_describing_json.SelfDescribingJson object at 0x7ff3cc54bbc0>, <snowplow_tracker.self_describing_json.SelfDescribingJson object at 0x7ff3cc697470>, <snowplow_tracker.self_describing_json.SelfDescribingJson object at 0x7ff3cdd29820>]}


============================== 21:03:14.844035 | 8a80738b-97a5-4295-a0c1-18f61b6781c1 ==============================
[0m21:03:14.844035 [info ] [MainThread]: Running with dbt=1.8.5
[0m21:03:14.845081 [debug] [MainThread]: running dbt with arguments {'printer_width': '80', 'indirect_selection': 'eager', 'log_cache_events': 'False', 'write_json': 'True', 'partial_parse': 'True', 'cache_selected_only': 'False', 'warn_error': 'None', 'fail_fast': 'False', 'debug': 'False', 'log_path': 'logs', 'version_check': 'True', 'profiles_dir': '/home/gitpod/.dbt', 'use_colors': 'True', 'use_experimental_parser': 'False', 'no_print': 'None', 'quiet': 'False', 'empty': 'None', 'warn_error_options': 'WarnErrorOptions(include=[], exclude=[])', 'static_parser': 'True', 'invocation_command': 'dbt init', 'log_format': 'default', 'target_path': 'None', 'introspect': 'True', 'send_anonymous_usage_stats': 'True'}
[0m21:03:15.760974 [warn ] [MainThread]: [ConfigFolderDirectory]: Unable to parse dict {'dir': PosixPath('/home/gitpod/.dbt')}
[0m21:03:15.852204 [info ] [MainThread]: Creating dbt configuration folder at 
[0m21:03:25.067619 [debug] [MainThread]: Starter project path: /workspace/.pyenv_mirror/poetry/virtualenvs/env-OsR69f0M-py3.12/lib/python3.12/site-packages/dbt/include/starter_project
[0m21:03:25.071328 [info ] [MainThread]: 
Your new dbt project "teste_edd" was created!

For more information on how to configure the profiles.yml file,
please consult the dbt documentation here:

  https://docs.getdbt.com/docs/configure-your-profile

One more thing:

Need help? Don't hesitate to reach out to us via GitHub issues or on Slack:

  https://community.getdbt.com/

Happy modeling!

[0m21:03:25.071939 [info ] [MainThread]: Setting up your profile.
[0m21:04:18.877797 [info ] [MainThread]: Profile teste_edd written to /home/gitpod/.dbt/profiles.yml using target's profile_template.yml and your supplied values. Run 'dbt debug' to validate the connection.
[0m21:04:18.879299 [debug] [MainThread]: Resource report: {"command_name": "init", "command_success": true, "command_wall_clock_time": 64.52639, "process_user_time": 2.309087, "process_kernel_time": 0.14948, "process_mem_max_rss": "94920", "process_in_blocks": "7736", "process_out_blocks": "96"}
[0m21:04:18.880338 [debug] [MainThread]: Command `dbt init` succeeded at 21:04:18.880205 after 64.53 seconds
[0m21:04:18.880954 [debug] [MainThread]: Sending event: {'category': 'dbt', 'action': 'invocation', 'label': 'end', 'context': [<snowplow_tracker.self_describing_json.SelfDescribingJson object at 0x7ff3cdf68230>, <snowplow_tracker.self_describing_json.SelfDescribingJson object at 0x7ff3cc416210>, <snowplow_tracker.self_describing_json.SelfDescribingJson object at 0x7ff3cc4163c0>]}
[0m21:04:18.881594 [debug] [MainThread]: Flushing usage events
[0m21:04:30.697639 [debug] [MainThread]: Sending event: {'category': 'dbt', 'action': 'invocation', 'label': 'start', 'context': [<snowplow_tracker.self_describing_json.SelfDescribingJson object at 0x7ff3654e6180>, <snowplow_tracker.self_describing_json.SelfDescribingJson object at 0x7ff36797a540>, <snowplow_tracker.self_describing_json.SelfDescribingJson object at 0x7ff3654e7d10>]}


============================== 21:04:30.702724 | c0b766b6-dee7-4dac-9bef-d58f182b4411 ==============================
[0m21:04:30.702724 [info ] [MainThread]: Running with dbt=1.8.5
[0m21:04:30.704034 [debug] [MainThread]: running dbt with arguments {'printer_width': '80', 'indirect_selection': 'eager', 'log_cache_events': 'False', 'write_json': 'True', 'partial_parse': 'True', 'cache_selected_only': 'False', 'profiles_dir': '/home/gitpod/.dbt', 'version_check': 'True', 'warn_error': 'None', 'log_path': 'logs', 'fail_fast': 'False', 'debug': 'False', 'use_colors': 'True', 'use_experimental_parser': 'False', 'no_print': 'None', 'quiet': 'False', 'empty': 'None', 'warn_error_options': 'WarnErrorOptions(include=[], exclude=[])', 'introspect': 'True', 'static_parser': 'True', 'invocation_command': 'dbt debug', 'target_path': 'None', 'log_format': 'default', 'send_anonymous_usage_stats': 'True'}
[0m21:04:30.765457 [info ] [MainThread]: dbt version: 1.8.5
[0m21:04:30.766048 [info ] [MainThread]: python version: 3.12.4
[0m21:04:30.766540 [info ] [MainThread]: python path: /workspace/.pyenv_mirror/poetry/virtualenvs/env-OsR69f0M-py3.12/bin/python
[0m21:04:30.766982 [info ] [MainThread]: os info: Linux-6.1.91-060191-generic-x86_64-with-glibc2.35
[0m21:04:30.833967 [info ] [MainThread]: Using profiles dir at /home/gitpod/.dbt
[0m21:04:30.834635 [info ] [MainThread]: Using profiles.yml file at /home/gitpod/.dbt/profiles.yml
[0m21:04:30.835148 [info ] [MainThread]: Using dbt_project.yml file at /workspace/edd_22_08_2024/env/dbt_project.yml
[0m21:04:30.836111 [info ] [MainThread]: adapter type: postgres
[0m21:04:30.836804 [info ] [MainThread]: adapter version: 1.8.2
[0m21:04:30.837450 [info ] [MainThread]: Configuration:
[0m21:04:30.838037 [info ] [MainThread]:   profiles.yml file [[32mOK found and valid[0m]
[0m21:04:30.838629 [info ] [MainThread]:   dbt_project.yml file [[31mERROR not found[0m]
[0m21:04:30.839285 [info ] [MainThread]: Required dependencies:
[0m21:04:30.839933 [debug] [MainThread]: Executing "git --help"
[0m21:04:30.843807 [debug] [MainThread]: STDOUT: "b"usage: git [-v | --version] [-h | --help] [-C <path>] [-c <name>=<value>]\n           [--exec-path[=<path>]] [--html-path] [--man-path] [--info-path]\n           [-p | --paginate | -P | --no-pager] [--no-replace-objects] [--bare]\n           [--git-dir=<path>] [--work-tree=<path>] [--namespace=<name>]\n           [--config-env=<name>=<envvar>] <command> [<args>]\n\nThese are common Git commands used in various situations:\n\nstart a working area (see also: git help tutorial)\n   clone     Clone a repository into a new directory\n   init      Create an empty Git repository or reinitialize an existing one\n\nwork on the current change (see also: git help everyday)\n   add       Add file contents to the index\n   mv        Move or rename a file, a directory, or a symlink\n   restore   Restore working tree files\n   rm        Remove files from the working tree and from the index\n\nexamine the history and state (see also: git help revisions)\n   bisect    Use binary search to find the commit that introduced a bug\n   diff      Show changes between commits, commit and working tree, etc\n   grep      Print lines matching a pattern\n   log       Show commit logs\n   show      Show various types of objects\n   status    Show the working tree status\n\ngrow, mark and tweak your common history\n   branch    List, create, or delete branches\n   commit    Record changes to the repository\n   merge     Join two or more development histories together\n   rebase    Reapply commits on top of another base tip\n   reset     Reset current HEAD to the specified state\n   switch    Switch branches\n   tag       Create, list, delete or verify a tag object signed with GPG\n\ncollaborate (see also: git help workflows)\n   fetch     Download objects and refs from another repository\n   pull      Fetch from and integrate with another repository or a local branch\n   push      Update remote refs along with associated objects\n\n'git help -a' and 'git help -g' list available subcommands and some\nconcept guides. See 'git help <command>' or 'git help <concept>'\nto read about a specific subcommand or concept.\nSee 'git help git' for an overview of the system.\n""
[0m21:04:30.844461 [debug] [MainThread]: STDERR: "b''"
[0m21:04:30.844958 [info ] [MainThread]:  - git [[32mOK found[0m]

[0m21:04:30.845480 [info ] [MainThread]: Connection:
[0m21:04:30.846031 [info ] [MainThread]:   host: 172.18.0.5
[0m21:04:30.846619 [info ] [MainThread]:   port: 5432
[0m21:04:30.847716 [info ] [MainThread]:   user: postgres
[0m21:04:30.848330 [info ] [MainThread]:   database: bi
[0m21:04:30.849034 [info ] [MainThread]:   schema: gold
[0m21:04:30.849837 [info ] [MainThread]:   connect_timeout: 10
[0m21:04:30.850635 [info ] [MainThread]:   role: None
[0m21:04:30.851134 [info ] [MainThread]:   search_path: None
[0m21:04:30.851765 [info ] [MainThread]:   keepalives_idle: 0
[0m21:04:30.852344 [info ] [MainThread]:   sslmode: None
[0m21:04:30.852896 [info ] [MainThread]:   sslcert: None
[0m21:04:30.853394 [info ] [MainThread]:   sslkey: None
[0m21:04:30.853950 [info ] [MainThread]:   sslrootcert: None
[0m21:04:30.854433 [info ] [MainThread]:   application_name: dbt
[0m21:04:30.854980 [info ] [MainThread]:   retries: 1
[0m21:04:30.855773 [info ] [MainThread]: Registered adapter: postgres=1.8.2
[0m21:04:30.858620 [debug] [MainThread]: Acquiring new postgres connection 'debug'
[0m21:04:30.899117 [debug] [MainThread]: Using postgres connection "debug"
[0m21:04:30.899849 [debug] [MainThread]: On debug: select 1 as id
[0m21:04:30.900370 [debug] [MainThread]: Opening a new connection, currently in state init
[0m21:04:30.911546 [debug] [MainThread]: SQL status: SELECT 1 in 0.011 seconds
[0m21:04:30.912944 [debug] [MainThread]: On debug: Close
[0m21:04:30.913508 [info ] [MainThread]:   Connection test: [[32mOK connection ok[0m]

[0m21:04:30.914034 [info ] [MainThread]: [31m1 check failed:[0m
[0m21:04:30.914556 [info ] [MainThread]: Project loading failed for the following reason:
 project path </workspace/edd_22_08_2024/env/dbt_project.yml> not found

[0m21:04:30.915731 [debug] [MainThread]: Resource report: {"command_name": "debug", "command_wall_clock_time": 0.31013432, "process_user_time": 1.942997, "process_kernel_time": 0.219886, "process_mem_max_rss": "102336", "process_in_blocks": "832", "process_out_blocks": "24", "command_success": false}
[0m21:04:30.916521 [debug] [MainThread]: Command `dbt debug` failed at 21:04:30.916398 after 0.31 seconds
[0m21:04:30.917070 [debug] [MainThread]: Connection 'debug' was properly closed.
[0m21:04:30.917582 [debug] [MainThread]: Sending event: {'category': 'dbt', 'action': 'invocation', 'label': 'end', 'context': [<snowplow_tracker.self_describing_json.SelfDescribingJson object at 0x7ff365eb6720>, <snowplow_tracker.self_describing_json.SelfDescribingJson object at 0x7ff36543bf20>, <snowplow_tracker.self_describing_json.SelfDescribingJson object at 0x7ff3653e2cc0>]}
[0m21:04:30.918170 [debug] [MainThread]: Flushing usage events
